0 info it worked if it ends with ok
1 verbose cli [ 'c:\\Program Files (x86)\\nodejs\\\\node.exe',
1 verbose cli   'c:\\Program Files (x86)\\nodejs\\node_modules\\npm\\bin\\npm-cli.js',
1 verbose cli   'install' ]
2 info using npm@2.7.4
3 info using node@v0.12.2
4 verbose node symlink c:\Program Files (x86)\nodejs\\node.exe
5 verbose install where, deps [ 'C:\\Users\\Jakub\\Desktop\\Projekt_uczelnia',
5 verbose install   [ '@types/jquery',
5 verbose install     'cordova-android',
5 verbose install     'cordova-browser',
5 verbose install     'cordova-plugin-console',
5 verbose install     'cordova-plugin-device',
5 verbose install     'cordova-plugin-splashscreen',
5 verbose install     'jquery',
5 verbose install     'typeorm',
5 verbose install     'webpack',
5 verbose install     'webpack-cli' ] ]
6 verbose install where, peers [ 'C:\\Users\\Jakub\\Desktop\\Projekt_uczelnia', [] ]
7 info preinstall DietManager-app@1.0.0
8 silly cache add args [ 'cordova-browser@^5.0.3', null ]
9 verbose cache add spec cordova-browser@^5.0.3
10 silly cache add parsed spec { raw: 'cordova-browser@^5.0.3',
10 silly cache add   scope: null,
10 silly cache add   name: 'cordova-browser',
10 silly cache add   rawSpec: '^5.0.3',
10 silly cache add   spec: '>=5.0.3 <6.0.0',
10 silly cache add   type: 'range' }
11 verbose addNamed cordova-browser@>=5.0.3 <6.0.0
12 silly addNamed semver.valid null
13 silly addNamed semver.validRange >=5.0.3 <6.0.0
14 silly addNameRange { name: 'cordova-browser',
14 silly addNameRange   range: '>=5.0.3 <6.0.0',
14 silly addNameRange   hasData: false }
15 silly mapToRegistry name cordova-browser
16 silly mapToRegistry using default registry
17 silly mapToRegistry registry https://registry.npmjs.org/
18 silly mapToRegistry uri https://registry.npmjs.org/cordova-browser
19 verbose addNameRange registry:https://registry.npmjs.org/cordova-browser not in flight; fetching
20 silly cache add args [ 'cordova-plugin-console@^1.1.0', null ]
21 verbose cache add spec cordova-plugin-console@^1.1.0
22 silly cache add parsed spec { raw: 'cordova-plugin-console@^1.1.0',
22 silly cache add   scope: null,
22 silly cache add   name: 'cordova-plugin-console',
22 silly cache add   rawSpec: '^1.1.0',
22 silly cache add   spec: '>=1.1.0 <2.0.0',
22 silly cache add   type: 'range' }
23 verbose addNamed cordova-plugin-console@>=1.1.0 <2.0.0
24 silly addNamed semver.valid null
25 silly addNamed semver.validRange >=1.1.0 <2.0.0
26 silly addNameRange { name: 'cordova-plugin-console',
26 silly addNameRange   range: '>=1.1.0 <2.0.0',
26 silly addNameRange   hasData: false }
27 silly mapToRegistry name cordova-plugin-console
28 silly mapToRegistry using default registry
29 silly mapToRegistry registry https://registry.npmjs.org/
30 silly mapToRegistry uri https://registry.npmjs.org/cordova-plugin-console
31 verbose addNameRange registry:https://registry.npmjs.org/cordova-plugin-console not in flight; fetching
32 silly cache add args [ 'cordova-plugin-device@^1.1.7', null ]
33 verbose cache add spec cordova-plugin-device@^1.1.7
34 silly cache add parsed spec { raw: 'cordova-plugin-device@^1.1.7',
34 silly cache add   scope: null,
34 silly cache add   name: 'cordova-plugin-device',
34 silly cache add   rawSpec: '^1.1.7',
34 silly cache add   spec: '>=1.1.7 <2.0.0',
34 silly cache add   type: 'range' }
35 verbose addNamed cordova-plugin-device@>=1.1.7 <2.0.0
36 silly addNamed semver.valid null
37 silly addNamed semver.validRange >=1.1.7 <2.0.0
38 silly addNameRange { name: 'cordova-plugin-device',
38 silly addNameRange   range: '>=1.1.7 <2.0.0',
38 silly addNameRange   hasData: false }
39 silly mapToRegistry name cordova-plugin-device
40 silly mapToRegistry using default registry
41 silly mapToRegistry registry https://registry.npmjs.org/
42 silly mapToRegistry uri https://registry.npmjs.org/cordova-plugin-device
43 verbose addNameRange registry:https://registry.npmjs.org/cordova-plugin-device not in flight; fetching
44 silly cache add args [ 'cordova-plugin-splashscreen@^3.2.2', null ]
45 verbose cache add spec cordova-plugin-splashscreen@^3.2.2
46 silly cache add parsed spec { raw: 'cordova-plugin-splashscreen@^3.2.2',
46 silly cache add   scope: null,
46 silly cache add   name: 'cordova-plugin-splashscreen',
46 silly cache add   rawSpec: '^3.2.2',
46 silly cache add   spec: '>=3.2.2 <4.0.0',
46 silly cache add   type: 'range' }
47 verbose addNamed cordova-plugin-splashscreen@>=3.2.2 <4.0.0
48 silly addNamed semver.valid null
49 silly addNamed semver.validRange >=3.2.2 <4.0.0
50 silly addNameRange { name: 'cordova-plugin-splashscreen',
50 silly addNameRange   range: '>=3.2.2 <4.0.0',
50 silly addNameRange   hasData: false }
51 silly mapToRegistry name cordova-plugin-splashscreen
52 silly mapToRegistry using default registry
53 silly mapToRegistry registry https://registry.npmjs.org/
54 silly mapToRegistry uri https://registry.npmjs.org/cordova-plugin-splashscreen
55 verbose addNameRange registry:https://registry.npmjs.org/cordova-plugin-splashscreen not in flight; fetching
56 silly cache add args [ 'jquery@^3.3.1', null ]
57 verbose cache add spec jquery@^3.3.1
58 silly cache add parsed spec { raw: 'jquery@^3.3.1',
58 silly cache add   scope: null,
58 silly cache add   name: 'jquery',
58 silly cache add   rawSpec: '^3.3.1',
58 silly cache add   spec: '>=3.3.1 <4.0.0',
58 silly cache add   type: 'range' }
59 verbose addNamed jquery@>=3.3.1 <4.0.0
60 silly addNamed semver.valid null
61 silly addNamed semver.validRange >=3.3.1 <4.0.0
62 silly addNameRange { name: 'jquery', range: '>=3.3.1 <4.0.0', hasData: false }
63 silly mapToRegistry name jquery
64 silly mapToRegistry using default registry
65 silly mapToRegistry registry https://registry.npmjs.org/
66 silly mapToRegistry uri https://registry.npmjs.org/jquery
67 verbose addNameRange registry:https://registry.npmjs.org/jquery not in flight; fetching
68 silly cache add args [ 'typeorm@^0.1.20', null ]
69 verbose cache add spec typeorm@^0.1.20
70 silly cache add parsed spec { raw: 'typeorm@^0.1.20',
70 silly cache add   scope: null,
70 silly cache add   name: 'typeorm',
70 silly cache add   rawSpec: '^0.1.20',
70 silly cache add   spec: '>=0.1.20 <0.2.0',
70 silly cache add   type: 'range' }
71 verbose addNamed typeorm@>=0.1.20 <0.2.0
72 silly addNamed semver.valid null
73 silly addNamed semver.validRange >=0.1.20 <0.2.0
74 silly addNameRange { name: 'typeorm', range: '>=0.1.20 <0.2.0', hasData: false }
75 silly mapToRegistry name typeorm
76 silly mapToRegistry using default registry
77 silly mapToRegistry registry https://registry.npmjs.org/
78 silly mapToRegistry uri https://registry.npmjs.org/typeorm
79 verbose addNameRange registry:https://registry.npmjs.org/typeorm not in flight; fetching
80 silly cache add args [ 'webpack@^4.5.0', null ]
81 verbose cache add spec webpack@^4.5.0
82 silly cache add parsed spec { raw: 'webpack@^4.5.0',
82 silly cache add   scope: null,
82 silly cache add   name: 'webpack',
82 silly cache add   rawSpec: '^4.5.0',
82 silly cache add   spec: '>=4.5.0 <5.0.0',
82 silly cache add   type: 'range' }
83 verbose addNamed webpack@>=4.5.0 <5.0.0
84 silly addNamed semver.valid null
85 silly addNamed semver.validRange >=4.5.0 <5.0.0
86 silly addNameRange { name: 'webpack', range: '>=4.5.0 <5.0.0', hasData: false }
87 silly mapToRegistry name webpack
88 silly mapToRegistry using default registry
89 silly mapToRegistry registry https://registry.npmjs.org/
90 silly mapToRegistry uri https://registry.npmjs.org/webpack
91 verbose addNameRange registry:https://registry.npmjs.org/webpack not in flight; fetching
92 silly cache add args [ 'webpack-cli@^2.0.14', null ]
93 verbose cache add spec webpack-cli@^2.0.14
94 silly cache add parsed spec { raw: 'webpack-cli@^2.0.14',
94 silly cache add   scope: null,
94 silly cache add   name: 'webpack-cli',
94 silly cache add   rawSpec: '^2.0.14',
94 silly cache add   spec: '>=2.0.14 <3.0.0',
94 silly cache add   type: 'range' }
95 verbose addNamed webpack-cli@>=2.0.14 <3.0.0
96 silly addNamed semver.valid null
97 silly addNamed semver.validRange >=2.0.14 <3.0.0
98 silly addNameRange { name: 'webpack-cli', range: '>=2.0.14 <3.0.0', hasData: false }
99 silly mapToRegistry name webpack-cli
100 silly mapToRegistry using default registry
101 silly mapToRegistry registry https://registry.npmjs.org/
102 silly mapToRegistry uri https://registry.npmjs.org/webpack-cli
103 verbose addNameRange registry:https://registry.npmjs.org/webpack-cli not in flight; fetching
104 silly cache add args [ '@types/jquery@^3.3.1', null ]
105 verbose cache add spec @types/jquery@^3.3.1
106 silly cache add parsed spec { raw: '@types/jquery@^3.3.1',
106 silly cache add   scope: '@types',
106 silly cache add   name: '@types/jquery',
106 silly cache add   rawSpec: '^3.3.1',
106 silly cache add   spec: '>=3.3.1 <4.0.0',
106 silly cache add   type: 'range' }
107 verbose addNamed @types/jquery@>=3.3.1 <4.0.0
108 silly addNamed semver.valid null
109 silly addNamed semver.validRange >=3.3.1 <4.0.0
110 silly addNameRange { name: '@types/jquery',
110 silly addNameRange   range: '>=3.3.1 <4.0.0',
110 silly addNameRange   hasData: false }
111 silly mapToRegistry name @types/jquery
112 silly mapToRegistry scope (from package name) @types
113 verbose mapToRegistry no registry URL found in name for scope @types
114 silly mapToRegistry using default registry
115 silly mapToRegistry registry https://registry.npmjs.org/
116 silly mapToRegistry uri https://registry.npmjs.org/@types%2fjquery
117 verbose addNameRange registry:https://registry.npmjs.org/@types%2fjquery not in flight; fetching
118 silly cache add args [ 'cordova-android@^7.0.0', null ]
119 verbose cache add spec cordova-android@^7.0.0
120 silly cache add parsed spec { raw: 'cordova-android@^7.0.0',
120 silly cache add   scope: null,
120 silly cache add   name: 'cordova-android',
120 silly cache add   rawSpec: '^7.0.0',
120 silly cache add   spec: '>=7.0.0 <8.0.0',
120 silly cache add   type: 'range' }
121 verbose addNamed cordova-android@>=7.0.0 <8.0.0
122 silly addNamed semver.valid null
123 silly addNamed semver.validRange >=7.0.0 <8.0.0
124 silly addNameRange { name: 'cordova-android',
124 silly addNameRange   range: '>=7.0.0 <8.0.0',
124 silly addNameRange   hasData: false }
125 silly mapToRegistry name cordova-android
126 silly mapToRegistry using default registry
127 silly mapToRegistry registry https://registry.npmjs.org/
128 silly mapToRegistry uri https://registry.npmjs.org/cordova-android
129 verbose addNameRange registry:https://registry.npmjs.org/cordova-android not in flight; fetching
130 verbose request uri https://registry.npmjs.org/cordova-browser
131 verbose request no auth needed
132 info attempt registry request try #1 at 21:15:12
133 verbose request id c50c50eb4d76552a
134 verbose etag "5a443a7a-4e4c"
135 verbose lastModified Thu, 28 Dec 2017 0:27:38 GMT
136 http request GET https://registry.npmjs.org/cordova-browser
137 verbose request uri https://registry.npmjs.org/cordova-plugin-console
138 verbose request no auth needed
139 info attempt registry request try #1 at 21:15:12
140 verbose etag "5a5ce5e8-8e1f"
141 verbose lastModified Mon, 15 Jan 2018 17:33:28 GMT
142 http request GET https://registry.npmjs.org/cordova-plugin-console
143 verbose request uri https://registry.npmjs.org/cordova-plugin-device
144 verbose request no auth needed
145 info attempt registry request try #1 at 21:15:12
146 verbose etag "5ad58ee8-c928"
147 verbose lastModified Tue, 17 Apr 2018 6:06:32 GMT
148 http request GET https://registry.npmjs.org/cordova-plugin-device
149 verbose request uri https://registry.npmjs.org/cordova-plugin-splashscreen
150 verbose request no auth needed
151 info attempt registry request try #1 at 21:15:12
152 verbose etag "5a6fad46-13517"
153 verbose lastModified Mon, 29 Jan 2018 23:24:54 GMT
154 http request GET https://registry.npmjs.org/cordova-plugin-splashscreen
155 verbose request uri https://registry.npmjs.org/jquery
156 verbose request no auth needed
157 info attempt registry request try #1 at 21:15:12
158 verbose etag "5aac9424-17db2"
159 verbose lastModified Sat, 17 Mar 2018 4:05:56 GMT
160 http request GET https://registry.npmjs.org/jquery
161 verbose request uri https://registry.npmjs.org/webpack-cli
162 verbose request no auth needed
163 info attempt registry request try #1 at 21:15:12
164 verbose etag "5ac57a1b-1da44"
165 verbose lastModified Thu, 5 Apr 2018 1:21:31 GMT
166 http request GET https://registry.npmjs.org/webpack-cli
167 verbose request uri https://registry.npmjs.org/@types%2fjquery
168 verbose request no auth needed
169 info attempt registry request try #1 at 21:15:12
170 verbose etag W/"5acf916e-1df9f"
171 verbose lastModified Thu, 12 Apr 2018 17:03:42 GMT
172 http request GET https://registry.npmjs.org/@types%2fjquery
173 verbose request uri https://registry.npmjs.org/typeorm
174 verbose request no auth needed
175 info attempt registry request try #1 at 21:15:12
176 verbose etag "5ad57e38-1b8bc8"
177 verbose lastModified Tue, 17 Apr 2018 4:55:20 GMT
178 http request GET https://registry.npmjs.org/typeorm
179 verbose request uri https://registry.npmjs.org/webpack
180 verbose request no auth needed
181 info attempt registry request try #1 at 21:15:12
182 verbose etag "5ad61ff3-169ac9"
183 verbose lastModified Tue, 17 Apr 2018 16:25:23 GMT
184 http request GET https://registry.npmjs.org/webpack
185 verbose request uri https://registry.npmjs.org/cordova-android
186 verbose request no auth needed
187 info attempt registry request try #1 at 21:15:12
188 verbose etag "5ad40fa7-13a041"
189 verbose lastModified Mon, 16 Apr 2018 2:51:19 GMT
190 http request GET https://registry.npmjs.org/cordova-android
191 http 304 https://registry.npmjs.org/cordova-plugin-device
192 silly get cb [ 304,
192 silly get   { date: 'Tue, 17 Apr 2018 19:15:10 GMT',
192 silly get     via: '1.1 varnish',
192 silly get     'cache-control': 'max-age=300',
192 silly get     etag: '"5ad58ee8-c928"',
192 silly get     age: '3746',
192 silly get     connection: 'keep-alive',
192 silly get     'x-served-by': 'cache-hhn1535-HHN',
192 silly get     'x-cache': 'HIT',
192 silly get     'x-cache-hits': '2',
192 silly get     'x-timer': 'S1523992510.406957,VS0,VE0',
192 silly get     vary: 'Accept-Encoding, Accept' } ]
193 verbose etag https://registry.npmjs.org/cordova-plugin-device from cache
194 verbose get saving cordova-plugin-device to C:\Users\Jakub\AppData\Roaming\npm-cache\registry.npmjs.org\cordova-plugin-device\.cache.json
195 http 304 https://registry.npmjs.org/cordova-browser
196 silly get cb [ 304,
196 silly get   { date: 'Tue, 17 Apr 2018 19:15:10 GMT',
196 silly get     via: '1.1 varnish',
196 silly get     'cache-control': 'max-age=300',
196 silly get     etag: '"5a443a7a-4e4c"',
196 silly get     age: '5533',
196 silly get     connection: 'keep-alive',
196 silly get     'x-served-by': 'cache-hhn1520-HHN',
196 silly get     'x-cache': 'HIT',
196 silly get     'x-cache-hits': '5',
196 silly get     'x-timer': 'S1523992510.407825,VS0,VE0',
196 silly get     vary: 'Accept-Encoding, Accept' } ]
197 verbose etag https://registry.npmjs.org/cordova-browser from cache
198 verbose get saving cordova-browser to C:\Users\Jakub\AppData\Roaming\npm-cache\registry.npmjs.org\cordova-browser\.cache.json
199 http 304 https://registry.npmjs.org/cordova-plugin-console
200 silly get cb [ 304,
200 silly get   { date: 'Tue, 17 Apr 2018 19:15:10 GMT',
200 silly get     via: '1.1 varnish',
200 silly get     'cache-control': 'max-age=300',
200 silly get     etag: '"5a5ce5e8-8e1f"',
200 silly get     age: '13044',
200 silly get     connection: 'keep-alive',
200 silly get     'x-served-by': 'cache-hhn1520-HHN',
200 silly get     'x-cache': 'HIT',
200 silly get     'x-cache-hits': '1',
200 silly get     'x-timer': 'S1523992510.407262,VS0,VE1',
200 silly get     vary: 'Accept-Encoding, Accept' } ]
201 verbose etag https://registry.npmjs.org/cordova-plugin-console from cache
202 verbose get saving cordova-plugin-console to C:\Users\Jakub\AppData\Roaming\npm-cache\registry.npmjs.org\cordova-plugin-console\.cache.json
203 http 304 https://registry.npmjs.org/cordova-plugin-splashscreen
204 silly get cb [ 304,
204 silly get   { date: 'Tue, 17 Apr 2018 19:15:10 GMT',
204 silly get     via: '1.1 varnish',
204 silly get     'cache-control': 'max-age=300',
204 silly get     etag: '"5a6fad46-13517"',
204 silly get     age: '13335',
204 silly get     connection: 'keep-alive',
204 silly get     'x-served-by': 'cache-hhn1532-HHN',
204 silly get     'x-cache': 'HIT',
204 silly get     'x-cache-hits': '1',
204 silly get     'x-timer': 'S1523992510.408511,VS0,VE1',
204 silly get     vary: 'Accept-Encoding, Accept' } ]
205 verbose etag https://registry.npmjs.org/cordova-plugin-splashscreen from cache
206 verbose get saving cordova-plugin-splashscreen to C:\Users\Jakub\AppData\Roaming\npm-cache\registry.npmjs.org\cordova-plugin-splashscreen\.cache.json
207 http 304 https://registry.npmjs.org/jquery
208 silly get cb [ 304,
208 silly get   { date: 'Tue, 17 Apr 2018 19:15:10 GMT',
208 silly get     via: '1.1 varnish',
208 silly get     'cache-control': 'max-age=300',
208 silly get     etag: '"5aac9424-17db2"',
208 silly get     age: '7416',
208 silly get     connection: 'keep-alive',
208 silly get     'x-served-by': 'cache-hhn1548-HHN',
208 silly get     'x-cache': 'HIT',
208 silly get     'x-cache-hits': '32',
208 silly get     'x-timer': 'S1523992510.427481,VS0,VE0',
208 silly get     vary: 'Accept-Encoding, Accept' } ]
209 verbose etag https://registry.npmjs.org/jquery from cache
210 verbose get saving jquery to C:\Users\Jakub\AppData\Roaming\npm-cache\registry.npmjs.org\jquery\.cache.json
211 http 304 https://registry.npmjs.org/webpack-cli
212 silly get cb [ 304,
212 silly get   { date: 'Tue, 17 Apr 2018 19:15:10 GMT',
212 silly get     via: '1.1 varnish',
212 silly get     'cache-control': 'max-age=300',
212 silly get     etag: '"5ac57a1b-1da44"',
212 silly get     age: '7435',
212 silly get     connection: 'keep-alive',
212 silly get     'x-served-by': 'cache-hhn1545-HHN',
212 silly get     'x-cache': 'HIT',
212 silly get     'x-cache-hits': '11',
212 silly get     'x-timer': 'S1523992510.433495,VS0,VE0',
212 silly get     vary: 'Accept-Encoding, Accept' } ]
213 verbose etag https://registry.npmjs.org/webpack-cli from cache
214 verbose get saving webpack-cli to C:\Users\Jakub\AppData\Roaming\npm-cache\registry.npmjs.org\webpack-cli\.cache.json
215 http 304 https://registry.npmjs.org/cordova-android
216 silly get cb [ 304,
216 silly get   { date: 'Tue, 17 Apr 2018 19:15:10 GMT',
216 silly get     via: '1.1 varnish',
216 silly get     'cache-control': 'max-age=300',
216 silly get     etag: '"5ad40fa7-13a041"',
216 silly get     age: '691',
216 silly get     connection: 'keep-alive',
216 silly get     'x-served-by': 'cache-hhn1544-HHN',
216 silly get     'x-cache': 'HIT',
216 silly get     'x-cache-hits': '1',
216 silly get     'x-timer': 'S1523992510.433254,VS0,VE1',
216 silly get     vary: 'Accept-Encoding, Accept' } ]
217 verbose etag https://registry.npmjs.org/cordova-android from cache
218 verbose get saving cordova-android to C:\Users\Jakub\AppData\Roaming\npm-cache\registry.npmjs.org\cordova-android\.cache.json
219 http 304 https://registry.npmjs.org/typeorm
220 silly get cb [ 304,
220 silly get   { date: 'Tue, 17 Apr 2018 19:15:10 GMT',
220 silly get     via: '1.1 varnish',
220 silly get     'cache-control': 'max-age=300',
220 silly get     etag: '"5ad57e38-1b8bc8"',
220 silly get     age: '5796',
220 silly get     connection: 'keep-alive',
220 silly get     'x-served-by': 'cache-hhn1523-HHN',
220 silly get     'x-cache': 'HIT',
220 silly get     'x-cache-hits': '2',
220 silly get     'x-timer': 'S1523992510.448274,VS0,VE0',
220 silly get     vary: 'Accept-Encoding, Accept' } ]
221 verbose etag https://registry.npmjs.org/typeorm from cache
222 verbose get saving typeorm to C:\Users\Jakub\AppData\Roaming\npm-cache\registry.npmjs.org\typeorm\.cache.json
223 http 304 https://registry.npmjs.org/webpack
224 silly get cb [ 304,
224 silly get   { date: 'Tue, 17 Apr 2018 19:15:10 GMT',
224 silly get     via: '1.1 varnish',
224 silly get     'cache-control': 'max-age=300',
224 silly get     etag: '"5ad61ff3-169ac9"',
224 silly get     age: '10121',
224 silly get     connection: 'keep-alive',
224 silly get     'x-served-by': 'cache-hhn1538-HHN',
224 silly get     'x-cache': 'HIT',
224 silly get     'x-cache-hits': '48',
224 silly get     'x-timer': 'S1523992510.460916,VS0,VE0',
224 silly get     vary: 'Accept-Encoding, Accept' } ]
225 verbose etag https://registry.npmjs.org/webpack from cache
226 verbose get saving webpack to C:\Users\Jakub\AppData\Roaming\npm-cache\registry.npmjs.org\webpack\.cache.json
227 silly addNameRange number 2 { name: 'cordova-plugin-device',
227 silly addNameRange   range: '>=1.1.7 <2.0.0',
227 silly addNameRange   hasData: true }
228 silly addNameRange versions [ 'cordova-plugin-device',
228 silly addNameRange   [ '0.2.13',
228 silly addNameRange     '0.2.1',
228 silly addNameRange     '0.2.10',
228 silly addNameRange     '0.2.11',
228 silly addNameRange     '0.2.12',
228 silly addNameRange     '0.2.3',
228 silly addNameRange     '0.2.4',
228 silly addNameRange     '0.2.5',
228 silly addNameRange     '0.2.6',
228 silly addNameRange     '0.2.7',
228 silly addNameRange     '0.2.8',
228 silly addNameRange     '0.2.9',
228 silly addNameRange     '0.3.0',
228 silly addNameRange     '1.0.0',
228 silly addNameRange     '1.0.1',
228 silly addNameRange     '1.1.0',
228 silly addNameRange     '1.1.1',
228 silly addNameRange     '1.1.2',
228 silly addNameRange     '1.1.3',
228 silly addNameRange     '1.1.4',
228 silly addNameRange     '1.1.5',
228 silly addNameRange     '1.1.6',
228 silly addNameRange     '1.1.7',
228 silly addNameRange     '2.0.0',
228 silly addNameRange     '2.0.1',
228 silly addNameRange     '2.0.2' ] ]
229 verbose addNamed cordova-plugin-device@1.1.7
230 silly addNamed semver.valid 1.1.7
231 silly addNamed semver.validRange 1.1.7
232 silly addNameRange number 2 { name: 'jquery', range: '>=3.3.1 <4.0.0', hasData: true }
233 silly addNameRange versions [ 'jquery',
233 silly addNameRange   [ '1.5.1',
233 silly addNameRange     '1.6.2',
233 silly addNameRange     '1.6.3',
233 silly addNameRange     '1.7.2',
233 silly addNameRange     '1.7.3',
233 silly addNameRange     '1.8.2',
233 silly addNameRange     '1.8.3',
233 silly addNameRange     '2.1.0-beta2',
233 silly addNameRange     '2.1.0-beta3',
233 silly addNameRange     '1.11.0-beta3',
233 silly addNameRange     '1.11.0-rc1',
233 silly addNameRange     '2.1.0-rc1',
233 silly addNameRange     '1.11.0',
233 silly addNameRange     '2.1.0',
233 silly addNameRange     '2.1.1-beta1',
233 silly addNameRange     '1.11.1-beta1',
233 silly addNameRange     '2.1.1-rc1',
233 silly addNameRange     '1.11.1-rc1',
233 silly addNameRange     '2.1.1-rc2',
233 silly addNameRange     '1.11.1-rc2',
233 silly addNameRange     '2.1.1',
233 silly addNameRange     '1.11.1',
233 silly addNameRange     '1.9.1',
233 silly addNameRange     '2.1.2',
233 silly addNameRange     '1.11.2',
233 silly addNameRange     '2.1.3',
233 silly addNameRange     '2.1.4',
233 silly addNameRange     '1.11.3',
233 silly addNameRange     '3.0.0-alpha1',
233 silly addNameRange     '1.12.0',
233 silly addNameRange     '2.2.0',
233 silly addNameRange     '3.0.0-beta1',
233 silly addNameRange     '1.12.1',
233 silly addNameRange     '2.2.1',
233 silly addNameRange     '1.12.2',
233 silly addNameRange     '2.2.2',
233 silly addNameRange     '1.12.3',
233 silly addNameRange     '2.2.3',
233 silly addNameRange     '1.12.4',
233 silly addNameRange     '2.2.4',
233 silly addNameRange     '3.0.0-rc1',
233 silly addNameRange     '3.0.0',
233 silly addNameRange     '3.1.0',
233 silly addNameRange     '3.1.1',
233 silly addNameRange     '3.2.0',
233 silly addNameRange     '3.2.1',
233 silly addNameRange     '3.3.0',
233 silly addNameRange     '3.3.1' ] ]
234 verbose addNamed jquery@3.3.1
235 silly addNamed semver.valid 3.3.1
236 silly addNamed semver.validRange 3.3.1
237 silly addNameRange number 2 { name: 'cordova-browser',
237 silly addNameRange   range: '>=5.0.3 <6.0.0',
237 silly addNameRange   hasData: true }
238 silly addNameRange versions [ 'cordova-browser',
238 silly addNameRange   [ '3.5.0', '3.5.1', '3.5.2', '3.6.0', '4.0.0', '4.1.0' ] ]
239 silly addNameRange number 2 { name: 'cordova-plugin-console',
239 silly addNameRange   range: '>=1.1.0 <2.0.0',
239 silly addNameRange   hasData: true }
240 silly addNameRange versions [ 'cordova-plugin-console',
240 silly addNameRange   [ '0.2.0',
240 silly addNameRange     '0.2.10',
240 silly addNameRange     '0.2.11',
240 silly addNameRange     '0.2.12',
240 silly addNameRange     '0.2.13',
240 silly addNameRange     '0.2.3',
240 silly addNameRange     '0.2.4',
240 silly addNameRange     '0.2.5',
240 silly addNameRange     '0.2.6',
240 silly addNameRange     '0.2.7',
240 silly addNameRange     '0.2.8',
240 silly addNameRange     '0.2.9',
240 silly addNameRange     '1.0.0',
240 silly addNameRange     '1.0.1',
240 silly addNameRange     '1.0.2',
240 silly addNameRange     '1.0.3',
240 silly addNameRange     '1.0.4',
240 silly addNameRange     '1.0.5',
240 silly addNameRange     '1.0.6',
240 silly addNameRange     '1.0.7',
240 silly addNameRange     '1.1.0' ] ]
241 verbose addNamed cordova-plugin-console@1.1.0
242 silly addNamed semver.valid 1.1.0
243 silly addNamed semver.validRange 1.1.0
244 warn deprecated cordova-plugin-console@1.1.0: This plugin has been deprecated since it is now included in the latest versions of cordova-ios
245 silly addNameRange number 2 { name: 'webpack-cli', range: '>=2.0.14 <3.0.0', hasData: true }
246 silly addNameRange versions [ 'webpack-cli',
246 silly addNameRange   [ '1.0.0',
246 silly addNameRange     '1.3.0',
246 silly addNameRange     '1.3.1',
246 silly addNameRange     '1.3.2',
246 silly addNameRange     '1.3.3',
246 silly addNameRange     '1.3.4',
246 silly addNameRange     '1.3.5',
246 silly addNameRange     '1.3.7',
246 silly addNameRange     '1.3.8',
246 silly addNameRange     '1.3.9',
246 silly addNameRange     '1.4.0',
246 silly addNameRange     '1.4.1',
246 silly addNameRange     '1.4.2',
246 silly addNameRange     '1.4.3',
246 silly addNameRange     '1.4.4',
246 silly addNameRange     '1.4.5',
246 silly addNameRange     '1.4.6',
246 silly addNameRange     '1.4.7',
246 silly addNameRange     '1.4.8',
246 silly addNameRange     '1.5.0',
246 silly addNameRange     '1.5.1',
246 silly addNameRange     '1.5.2',
246 silly addNameRange     '1.5.3',
246 silly addNameRange     '2.0.0',
246 silly addNameRange     '2.0.1',
246 silly addNameRange     '2.0.2',
246 silly addNameRange     '2.0.3',
246 silly addNameRange     '2.0.4',
246 silly addNameRange     '2.0.5',
246 silly addNameRange     '2.0.6',
246 silly addNameRange     '2.0.7',
246 silly addNameRange     '2.0.8',
246 silly addNameRange     '2.0.9',
246 silly addNameRange     '2.0.10',
246 silly addNameRange     '2.0.11',
246 silly addNameRange     '2.0.12',
246 silly addNameRange     '2.0.13',
246 silly addNameRange     '2.0.14' ] ]
247 verbose addNamed webpack-cli@2.0.14
248 silly addNamed semver.valid 2.0.14
249 silly addNamed semver.validRange 2.0.14
250 silly addNameRange number 2 { name: 'cordova-plugin-splashscreen',
250 silly addNameRange   range: '>=3.2.2 <4.0.0',
250 silly addNameRange   hasData: true }
251 silly addNameRange versions [ 'cordova-plugin-splashscreen',
251 silly addNameRange   [ '0.2.0',
251 silly addNameRange     '0.2.2',
251 silly addNameRange     '0.2.3',
251 silly addNameRange     '0.2.4',
251 silly addNameRange     '0.2.5',
251 silly addNameRange     '0.2.6',
251 silly addNameRange     '0.2.7',
251 silly addNameRange     '0.3.0',
251 silly addNameRange     '0.3.1',
251 silly addNameRange     '0.3.2',
251 silly addNameRange     '0.3.3',
251 silly addNameRange     '0.3.4',
251 silly addNameRange     '0.3.5',
251 silly addNameRange     '1.0.0',
251 silly addNameRange     '2.0.0',
251 silly addNameRange     '2.1.0',
251 silly addNameRange     '3.0.0',
251 silly addNameRange     '3.1.0',
251 silly addNameRange     '3.2.0',
251 silly addNameRange     '3.2.1',
251 silly addNameRange     '3.2.2',
251 silly addNameRange     '4.0.0',
251 silly addNameRange     '4.0.1',
251 silly addNameRange     '4.0.2',
251 silly addNameRange     '4.0.3',
251 silly addNameRange     '4.1.0',
251 silly addNameRange     '5.0.0',
251 silly addNameRange     '5.0.1',
251 silly addNameRange     '5.0.2' ] ]
252 verbose addNamed cordova-plugin-splashscreen@3.2.2
253 silly addNamed semver.valid 3.2.2
254 silly addNamed semver.validRange 3.2.2
255 silly addNameRange number 2 { name: 'cordova-android',
255 silly addNameRange   range: '>=7.0.0 <8.0.0',
255 silly addNameRange   hasData: true }
256 silly addNameRange versions [ 'cordova-android',
256 silly addNameRange   [ '3.5.0',
256 silly addNameRange     '3.5.1',
256 silly addNameRange     '3.6.0',
256 silly addNameRange     '3.6.1',
256 silly addNameRange     '3.6.3',
256 silly addNameRange     '3.6.4',
256 silly addNameRange     '3.7.0',
256 silly addNameRange     '3.7.1',
256 silly addNameRange     '4.0.0',
256 silly addNameRange     '4.0.1',
256 silly addNameRange     '3.7.2',
256 silly addNameRange     '4.0.2',
256 silly addNameRange     '4.1.0',
256 silly addNameRange     '4.1.1',
256 silly addNameRange     '5.0.0',
256 silly addNameRange     '5.1.0',
256 silly addNameRange     '5.1.1',
256 silly addNameRange     '5.2.0-nightly.2016.5.24.9738079c',
256 silly addNameRange     '5.2.0-nightly.2016.5.25.9738079c',
256 silly addNameRange     '5.2.0-nightly.2016.5.26.d125ece9',
256 silly addNameRange     '5.2.0-nightly.2016.5.27.d125ece9',
256 silly addNameRange     '5.2.0-nightly.2016.5.28.d125ece9',
256 silly addNameRange     '5.2.0-nightly.2016.5.30.d125ece9',
256 silly addNameRange     '5.2.0-nightly.2016.5.31.d125ece9',
256 silly addNameRange     '5.2.0-nightly.2016.6.1.3a1b4ffc',
256 silly addNameRange     '5.2.0-nightly.2016.6.2.3a1b4ffc',
256 silly addNameRange     '5.2.0-nightly.2016.6.3.81d62196',
256 silly addNameRange     '5.2.0-nightly.2016.6.4.81d62196',
256 silly addNameRange     '5.2.0-nightly.2016.6.5.81d62196',
256 silly addNameRange     '5.2.0-nightly.2016.6.6.81d62196',
256 silly addNameRange     '5.2.0-nightly.2016.6.7.81d62196',
256 silly addNameRange     '5.2.0-nightly.2016.6.8.81d62196',
256 silly addNameRange     '5.2.0-nightly.2016.6.9.81d62196',
256 silly addNameRange     '5.2.0-nightly.2016.6.10.04a3c9d9',
256 silly addNameRange     '5.2.0-nightly.2016.6.12.04a3c9d9',
256 silly addNameRange     '5.2.0-nightly.2016.6.13.04a3c9d9',
256 silly addNameRange     '5.2.0-nightly.2016.6.14.04a3c9d9',
256 silly addNameRange     '5.2.0-nightly.2016.6.16.04a3c9d9',
256 silly addNameRange     '5.2.0-nightly.2016.6.17.04a3c9d9',
256 silly addNameRange     '5.2.0-nightly.2016.6.18.04a3c9d9',
256 silly addNameRange     '5.2.0-nightly.2016.6.20.04a3c9d9',
256 silly addNameRange     '5.2.0-nightly.2016.6.21.04a3c9d9',
256 silly addNameRange     '5.2.0-nightly.2016.6.22.04a3c9d9',
256 silly addNameRange     '5.2.0-nightly.2016.6.23.04a3c9d9',
256 silly addNameRange     '5.2.0-nightly.2016.6.24.04a3c9d9',
256 silly addNameRange     '5.2.0-nightly.2016.6.26.04a3c9d9',
256 silly addNameRange     '5.2.0-nightly.2016.6.27.04a3c9d9',
256 silly addNameRange     '5.2.0-nightly.2016.6.28.1fcee242',
256 silly addNameRange     '5.2.0-nightly.2016.6.29.22918152',
256 silly addNameRange     '5.3.0-nightly.2016.6.30.103e1e8d',
256 silly addNameRange     '5.3.0-nightly.2016.7.1.103e1e8d',
256 silly addNameRange     '5.2.0',
256 silly addNameRange     '5.3.0-nightly.2016.7.2.103e1e8d',
256 silly addNameRange     '5.3.0-nightly.2016.7.3.103e1e8d',
256 silly addNameRange     '5.3.0-nightly.2016.7.4.103e1e8d',
256 silly addNameRange     '5.3.0-nightly.2016.7.5.103e1e8d',
256 silly addNameRange     '5.3.0-nightly.2016.7.6.103e1e8d',
256 silly addNameRange     '5.3.0-nightly.2016.7.7.f1c185b7',
256 silly addNameRange     '5.3.0-nightly.2016.7.8.f1c185b7',
256 silly addNameRange     '5.3.0-nightly.2016.7.10.f1c185b7',
256 silly addNameRange     '5.3.0-nightly.2016.7.12.39165a86',
256 silly addNameRange     '5.2.1',
256 silly addNameRange     '5.3.0-nightly.2016.7.14.39165a86',
256 silly addNameRange     '5.3.0-nightly.2016.7.15.39165a86',
256 silly addNameRange     '5.3.0-nightly.2016.7.16.39165a86',
256 silly addNameRange     '5.3.0-nightly.2016.7.17.39165a86',
256 silly addNameRange     '5.3.0-nightly.2016.7.18.39165a86',
256 silly addNameRange     '5.3.0-nightly.2016.7.20.39165a86',
256 silly addNameRange     '5.3.0-nightly.2016.7.23.8163713',
256 silly addNameRange     '5.3.0-nightly.2016.7.24.8163713',
256 silly addNameRange     '5.3.0-nightly.2016.7.25.8163713',
256 silly addNameRange     '5.3.0-nightly.2016.7.26.8163713',
256 silly addNameRange     '5.3.0-nightly.2016.7.27.74ae6651',
256 silly addNameRange     '5.3.0-nightly.2016.7.28.74ae6651',
256 silly addNameRange     '5.3.0-nightly.2016.7.29.74ae6651',
256 silly addNameRange     '5.3.0-nightly.2016.8.2.74ae6651',
256 silly addNameRange     '5.3.0-nightly.2016.8.4.d54a42f0',
256 silly addNameRange     '5.3.0-nightly.2016.8.5.d54a42f0',
256 silly addNameRange     '5.3.0-nightly.2016.8.6.d54a42f0',
256 silly addNameRange     '5.3.0-nightly.2016.8.7.d54a42f0',
256 silly addNameRange     '5.3.0-nightly.2016.8.8.d54a42f0',
256 silly addNameRange     '5.3.0-nightly.2016.8.9.d54a42f0',
256 silly addNameRange     '5.3.0-nightly.2016.8.10.d54a42f0',
256 silly addNameRange     '5.3.0-nightly.2016.8.11.d54a42f0',
256 silly addNameRange     '5.3.0-nightly.2016.8.12.ed543dc6',
256 silly addNameRange     '5.3.0-nightly.2016.8.13.ed543dc6',
256 silly addNameRange     '5.3.0-nightly.2016.8.15.ed543dc6',
256 silly addNameRange     '5.3.0-nightly.2016.8.16.ed543dc6',
256 silly addNameRange     '5.3.0-nightly.2016.8.17.2efe2406',
256 silly addNameRange     '5.3.0-nightly.2016.8.18.2efe2406',
256 silly addNameRange     '5.3.0-nightly.2016.8.20.8fbb6d7c',
256 silly addNameRange     '5.3.0-nightly.2016.8.21.8fbb6d7c',
256 silly addNameRange     '5.3.0-nightly.2016.8.22.8fbb6d7c',
256 silly addNameRange     '5.2.2',
256 silly addNameRange     '5.3.0-nightly.2016.8.23.4a0a7bc4',
256 silly addNameRange     '5.3.0-nightly.2016.8.24.4a0a7bc4',
256 silly addNameRange     '5.3.0-nightly.2016.8.25.4a0a7bc4',
256 silly addNameRange     '5.3.0-nightly.2016.8.26.4a0a7bc4',
256 silly addNameRange     '5.3.0-nightly.2016.8.27.4a0a7bc4',
256 silly addNameRange     '5.3.0-nightly.2016.8.28.4a0a7bc4',
256 silly addNameRange     '5.3.0-nightly.2016.8.29.4a0a7bc4',
256 silly addNameRange     '5.3.0-nightly.2016.8.30.5dbc51da',
256 silly addNameRange     '5.3.0-nightly.2016.8.31.2a8a6b39',
256 silly addNameRange     '5.3.0-nightly.2016.9.1.0ee672d2',
256 silly addNameRange     '5.3.0-nightly.2016.9.2.047ed52d',
256 silly addNameRange     '5.3.0-nightly.2016.9.3.047ed52d',
256 silly addNameRange     '5.3.0-nightly.2016.9.4.047ed52d',
256 silly addNameRange     '5.3.0-nightly.2016.9.5.047ed52d',
256 silly addNameRange     '5.3.0-nightly.2016.9.7.ba5e3a81',
256 silly addNameRange     '5.3.0-nightly.2016.9.10.d2a159d2',
256 silly addNameRange     '5.3.0-nightly.2016.9.11.d2a159d2',
256 silly addNameRange     '5.3.0-nightly.2016.9.12.d2a159d2',
256 silly addNameRange     '5.3.0-nightly.2016.9.13.23fd0982',
256 silly addNameRange     '5.3.0-nightly.2016.9.14.23fd0982',
256 silly addNameRange     '5.3.0-nightly.2016.9.15.23fd0982',
256 silly addNameRange     '5.3.0-nightly.2016.9.16.23fd0982',
256 silly addNameRange     '5.3.0-nightly.2016.9.17.23fd0982',
256 silly addNameRange     '5.3.0-nightly.2016.9.18.23fd0982',
256 silly addNameRange     '5.3.0-nightly.2016.9.19.23fd0982',
256 silly addNameRange     '5.3.0-nightly.2016.9.20.23fd0982',
256 silly addNameRange     '5.3.0-nightly.2016.9.21.23fd0982',
256 silly addNameRange     '5.3.0-nightly.2016.9.22.f5ab6fc6',
256 silly addNameRange     '5.3.0-nightly.2016.9.23.f5ab6fc6',
256 silly addNameRange     '5.3.0-nightly.2016.9.24.a4f6c8bf',
256 silly addNameRange     '5.3.0-nightly.2016.9.25.a4f6c8bf',
256 silly addNameRange     '5.3.0-nightly.2016.9.26.a4f6c8bf',
256 silly addNameRange     '5.3.0-nightly.2016.9.27.9cf38f87',
256 silly addNameRange     '5.3.0-nightly.2016.9.28.9cf38f87',
256 silly addNameRange     '5.3.0-nightly.2016.10.7.dcada79e',
256 silly addNameRange     '5.3.0-nightly.2016.10.8.fb53452d',
256 silly addNameRange     '5.3.0-nightly.2016.10.9.fb53452d',
256 silly addNameRange     '5.3.0-nightly.2016.10.10.fb53452d',
256 silly addNameRange     '5.3.0-nightly.2016.10.11.fb53452d',
256 silly addNameRange     '5.3.0-nightly.2016.10.12.2532c4a3',
256 silly addNameRange     '5.3.0-nightly.2016.10.13.77b9fd62',
256 silly addNameRange     '5.3.0-nightly.2016.10.14.2e37d2c2',
256 silly addNameRange     '5.3.0-nightly.2016.10.15.2e37d2c2',
256 silly addNameRange     '5.3.0-nightly.2016.10.16.2e37d2c2',
256 silly addNameRange     '5.3.0-nightly.2016.10.17.2e37d2c2',
256 silly addNameRange     '5.3.0-nightly.2016.10.18.0b710a86',
256 silly addNameRange     '5.3.0-nightly.2016.10.19.0b710a86',
256 silly addNameRange     '6.1.0-nightly.2016.10.21.e628026c',
256 silly addNameRange     '6.1.0-nightly.2016.10.22.e628026c',
256 silly addNameRange     '6.0.0',
256 silly addNameRange     '6.1.0-nightly.2016.10.25.1f061761',
256 silly addNameRange     '6.1.0-nightly.2016.10.26.1f061761',
256 silly addNameRange     '6.1.0-nightly.2016.10.27.1f061761',
256 silly addNameRange     '6.1.0-nightly.2016.11.1.854946e3',
256 silly addNameRange     '6.1.0-nightly.2016.11.2.b3201ad0',
256 silly addNameRange     '6.2.0-nightly.2016.11.3.0fd7e7f0',
256 silly addNameRange     '6.2.0-nightly.2016.11.4.3bfeda4a',
256 silly addNameRange     '6.2.0-nightly.2016.11.5.3bfeda4a',
256 silly addNameRange     '6.2.0-nightly.2016.11.6.3bfeda4a',
256 silly addNameRange     '6.2.0-nightly.2016.11.7.3bfeda4a',
256 silly addNameRange     '6.1.0',
256 silly addNameRange     '6.2.0-nightly.2016.11.8.3bfeda4a',
256 silly addNameRange     '6.2.0-nightly.2016.11.9.3bfeda4a',
256 silly addNameRange     '6.2.0-nightly.2016.11.10.3bfeda4a',
256 silly addNameRange     '6.2.0-nightly.2016.11.11.3bfeda4a',
256 silly addNameRange     '6.2.0-nightly.2016.11.12.3bfeda4a',
256 silly addNameRange     '6.2.0-nightly.2016.11.15.3bfeda4a',
256 silly addNameRange     '6.2.0-nightly.2016.11.16.3bfeda4a',
256 silly addNameRange     '6.2.0-nightly.2016.11.17.3bfeda4a',
256 silly addNameRange     '6.2.0-nightly.2016.11.18.3bfeda4a',
256 silly addNameRange     '6.2.0-nightly.2016.11.19.3bfeda4a',
256 silly addNameRange     '6.2.0-nightly.2016.11.20.3bfeda4a',
256 silly addNameRange     '6.2.0-nightly.2016.11.21.3bfeda4a',
256 silly addNameRange     '6.2.0-nightly.2016.11.22.3bfeda4a',
256 silly addNameRange     '6.2.0-nightly.2016.11.23.3bfeda4a',
256 silly addNameRange     '6.2.0-nightly.2016.11.24.3bfeda4a',
256 silly addNameRange     '6.2.0-nightly.2016.11.25.3bfeda4a',
256 silly addNameRange     '6.2.0-nightly.2016.11.26.3bfeda4a',
256 silly addNameRange     '6.2.0-nightly.2016.11.27.3bfeda4a',
256 silly addNameRange     '6.2.0-nightly.2016.11.28.3bfeda4a',
256 silly addNameRange     '6.2.0-nightly.2016.11.29.3bfeda4a',
256 silly addNameRange     '6.2.0-nightly.2016.11.30.3bfeda4a',
256 silly addNameRange     '6.2.0-nightly.2016.12.1.3bfeda4a',
256 silly addNameRange     '6.2.0-nightly.2016.12.2.3bfeda4a',
256 silly addNameRange     '6.2.0-nightly.2016.12.3.3bfeda4a',
256 silly addNameRange     '6.2.0-nightly.2016.12.4.3bfeda4a',
256 silly addNameRange     '6.2.0-nightly.2016.12.5.3bfeda4a',
256 silly addNameRange     '6.2.0-nightly.2016.12.6.1af5ade3',
256 silly addNameRange     '6.2.0-nightly.2016.12.7.1af5ade3',
256 silly addNameRange     '6.2.0-nightly.2016.12.8.1af5ade3',
256 silly addNameRange     '6.2.0-nightly.2016.12.9.6c60dc5d',
256 silly addNameRange     '6.1.1',
256 silly addNameRange     '6.1.2',
256 silly addNameRange     '6.2.0-nightly.2017.3.23.19220de3',
256 silly addNameRange     '6.2.0-nightly.2017.3.24.19220de3',
256 silly addNameRange     '6.2.0-nightly.2017.3.25.ea8d65d7',
256 silly addNameRange     '6.2.0-nightly.2017.3.26.ea8d65d7',
256 silly addNameRange     '6.2.0-nightly.2017.3.27.ea8d65d7',
256 silly addNameRange     '6.2.0-nightly.2017.3.28.08c80f77',
256 silly addNameRange     '6.3.0-nightly.2017.3.29.8a2e96d9',
256 silly addNameRange     '6.3.0-nightly.2017.3.30.8a2e96d9',
256 silly addNameRange     '6.3.0-nightly.2017.3.31.8a2e96d9',
256 silly addNameRange     '6.2.0',
256 silly addNameRange     '6.3.0-nightly.2017.4.1.8a2e96d9',
256 silly addNameRange     '6.3.0-nightly.2017.4.2.8a2e96d9',
256 silly addNameRange     '6.3.0-nightly.2017.4.4.8e0f021c',
256 silly addNameRange     '6.3.0-nightly.2017.4.5.8e0f021c',
256 silly addNameRange     '6.2.1',
256 silly addNameRange     '6.3.0-nightly.2017.4.6.8e0f021c',
256 silly addNameRange     '6.3.0-nightly.2017.4.8.a4103d8d',
256 silly addNameRange     '6.3.0-nightly.2017.4.9.a4103d8d',
256 silly addNameRange     '6.3.0-nightly.2017.4.10.a4103d8d',
256 silly addNameRange     '6.3.0-nightly.2017.4.11.e13e15d3',
256 silly addNameRange     '6.3.0-nightly.2017.4.12.e13e15d3',
256 silly addNameRange     '6.3.0-nightly.2017.4.13.e13e15d3',
256 silly addNameRange     '6.3.0-nightly.2017.4.14.e13e15d3',
256 silly addNameRange     '6.3.0-nightly.2017.4.15.e13e15d3',
256 silly addNameRange     '6.3.0-nightly.2017.4.16.e13e15d3',
256 silly addNameRange     '6.3.0-nightly.2017.4.17.e13e15d3',
256 silly addNameRange     '6.3.0-nightly.2017.4.18.e13e15d3',
256 silly addNameRange     '6.3.0-nightly.2017.4.19.e13e15d3',
256 silly addNameRange     '6.3.0-nightly.2017.4.20.e13e15d3',
256 silly addNameRange     '6.3.0-nightly.2017.4.21.e13e15d3',
256 silly addNameRange     '6.3.0-nightly.2017.4.23.e13e15d3',
256 silly addNameRange     '6.3.0-nightly.2017.4.28.ad01d283',
256 silly addNameRange     '6.2.2',
256 silly addNameRange     '6.3.0-nightly.2017.4.30.ad01d283',
256 silly addNameRange     '6.3.0-nightly.2017.5.1.ad01d283',
256 silly addNameRange     '6.3.0-nightly.2017.5.2.ee1165ea',
256 silly addNameRange     '6.3.0-nightly.2017.5.3.d97250f9',
256 silly addNameRange     '6.3.0-nightly.2017.5.5.d97250f9',
256 silly addNameRange     '6.2.3',
256 silly addNameRange     '6.3.0-nightly.2017.5.6.d97250f9',
256 silly addNameRange     '6.3.0-nightly.2017.5.7.d97250f9',
256 silly addNameRange     '6.3.0-nightly.2017.5.8.d97250f9',
256 silly addNameRange     '6.3.0-nightly.2017.5.9.d97250f9',
256 silly addNameRange     '6.3.0-nightly.2017.5.10.d97250f9',
256 silly addNameRange     '6.3.0-nightly.2017.5.11.d97250f9',
256 silly addNameRange     '6.3.0-nightly.2017.5.13.d97250f9',
256 silly addNameRange     '6.3.0-nightly.2017.5.14.d97250f9',
256 silly addNameRange     '6.3.0-nightly.2017.5.15.d97250f9',
256 silly addNameRange     '6.3.0-nightly.2017.5.16.d97250f9',
256 silly addNameRange     '6.3.0-nightly.2017.5.17.d97250f9',
256 silly addNameRange     '6.3.0-nightly.2017.5.18.d97250f9',
256 silly addNameRange     '6.3.0-nightly.2017.5.19.d97250f9',
256 silly addNameRange     '6.3.0-nightly.2017.5.20.d97250f9',
256 silly addNameRange     '6.3.0-nightly.2017.5.21.d97250f9',
256 silly addNameRange     '6.3.0-nightly.2017.5.22.d97250f9',
256 silly addNameRange     '6.3.0-nightly.2017.5.23.d97250f9',
256 silly addNameRange     '6.3.0-nightly.2017.5.24.f396712f',
256 silly addNameRange     '6.3.0-nightly.2017.5.25.f396712f' ] ]
257 silly addNameRange number 2 { name: 'typeorm', range: '>=0.1.20 <0.2.0', hasData: true }
258 silly addNameRange versions [ 'typeorm',
258 silly addNameRange   [ '0.0.1',
258 silly addNameRange     '0.0.2-alpha',
258 silly addNameRange     '0.0.2-alpha.1',
258 silly addNameRange     '0.0.2-alpha.2',
258 silly addNameRange     '0.0.2-alpha.3',
258 silly addNameRange     '0.0.2-alpha.4',
258 silly addNameRange     '0.0.2-alpha.5',
258 silly addNameRange     '0.0.2-alpha.6',
258 silly addNameRange     '0.0.2-alpha.7',
258 silly addNameRange     '0.0.2-alpha.8',
258 silly addNameRange     '0.0.2-alpha.9',
258 silly addNameRange     '0.0.2-alpha.10',
258 silly addNameRange     '0.0.2-alpha.11',
258 silly addNameRange     '0.0.2-alpha.12',
258 silly addNameRange     '0.0.2-alpha.13',
258 silly addNameRange     '0.0.2-alpha.14',
258 silly addNameRange     '0.0.2-alpha.15',
258 silly addNameRange     '0.0.2-alpha.16',
258 silly addNameRange     '0.0.2-alpha.17',
258 silly addNameRange     '0.0.2-alpha.18',
258 silly addNameRange     '0.0.2-alpha.19',
258 silly addNameRange     '0.0.2-alpha.20',
258 silly addNameRange     '0.0.2-alpha.21',
258 silly addNameRange     '0.0.2-alpha.22',
258 silly addNameRange     '0.0.2-alpha.23',
258 silly addNameRange     '0.0.2-alpha.24',
258 silly addNameRange     '0.0.2-alpha.25',
258 silly addNameRange     '0.0.2-alpha.26',
258 silly addNameRange     '0.0.2-alpha.27',
258 silly addNameRange     '0.0.2-alpha.28',
258 silly addNameRange     '0.0.2-alpha.29',
258 silly addNameRange     '0.0.2-alpha.30',
258 silly addNameRange     '0.0.2-alpha.31',
258 silly addNameRange     '0.0.2-alpha.32',
258 silly addNameRange     '0.0.2-alpha.33',
258 silly addNameRange     '0.0.2-alpha.34',
258 silly addNameRange     '0.0.2-alpha.35',
258 silly addNameRange     '0.0.2-alpha.36',
258 silly addNameRange     '0.0.2-alpha.37',
258 silly addNameRange     '0.0.2-alpha.38',
258 silly addNameRange     '0.0.2-alpha.39',
258 silly addNameRange     '0.0.2-alpha.40',
258 silly addNameRange     '0.0.2-alpha.41',
258 silly addNameRange     '0.0.2-alpha.42',
258 silly addNameRange     '0.0.2-alpha.43',
258 silly addNameRange     '0.0.2-alpha.44',
258 silly addNameRange     '0.0.2-alpha.45',
258 silly addNameRange     '0.0.2-alpha.46',
258 silly addNameRange     '0.0.2-alpha.47',
258 silly addNameRange     '0.0.2-alpha.48',
258 silly addNameRange     '0.0.2-alpha.49',
258 silly addNameRange     '0.0.2-alpha.50',
258 silly addNameRange     '0.0.2-alpha.51',
258 silly addNameRange     '0.0.2-alpha.52',
258 silly addNameRange     '0.0.2-alpha.53',
258 silly addNameRange     '0.0.2-alpha.54',
258 silly addNameRange     '0.0.2-alpha.55',
258 silly addNameRange     '0.0.2-alpha.56',
258 silly addNameRange     '0.0.2-alpha.57',
258 silly addNameRange     '0.0.2-alpha.58',
258 silly addNameRange     '0.0.2-alpha.59',
258 silly addNameRange     '0.0.2-alpha.60',
258 silly addNameRange     '0.0.2-alpha.61',
258 silly addNameRange     '0.0.2-alpha.62',
258 silly addNameRange     '0.0.2-alpha.63',
258 silly addNameRange     '0.0.2-alpha.64',
258 silly addNameRange     '0.0.2-alpha.65',
258 silly addNameRange     '0.0.2-alpha.66',
258 silly addNameRange     '0.0.2-alpha.67',
258 silly addNameRange     '0.0.2-alpha.68',
258 silly addNameRange     '0.0.2-alpha.69',
258 silly addNameRange     '0.0.2-alpha.70',
258 silly addNameRange     '0.0.3-alpha.1',
258 silly addNameRange     '0.0.3-alpha.3',
258 silly addNameRange     '0.0.3-alpha.4',
258 silly addNameRange     '0.0.3-alpha.5',
258 silly addNameRange     '0.0.3-alpha.6',
258 silly addNameRange     '0.0.3-alpha.7',
258 silly addNameRange     '0.0.3-alpha.8',
258 silly addNameRange     '0.0.3-alpha.9',
258 silly addNameRange     '0.0.3-alpha.11',
258 silly addNameRange     '0.0.3-alpha.12',
258 silly addNameRange     '0.0.3-alpha.13',
258 silly addNameRange     '0.0.3-alpha.14',
258 silly addNameRange     '0.0.3-alpha.15',
258 silly addNameRange     '0.0.3-alpha.16',
258 silly addNameRange     '0.0.3-alpha.17',
258 silly addNameRange     '0.0.3-alpha.18',
258 silly addNameRange     '0.0.3-alpha.19',
258 silly addNameRange     '0.0.3-alpha.20',
258 silly addNameRange     '0.0.2',
258 silly addNameRange     '0.0.3',
258 silly addNameRange     '0.0.4-alpha.1',
258 silly addNameRange     '0.0.4',
258 silly addNameRange     '0.0.5-alpha.2',
258 silly addNameRange     '0.0.5-alpha.3',
258 silly addNameRange     '0.0.5-alpha.4',
258 silly addNameRange     '0.0.5-alpha.5',
258 silly addNameRange     '0.0.5-alpha.6',
258 silly addNameRange     '0.0.5-alpha.8',
258 silly addNameRange     '0.0.5-alpha.9',
258 silly addNameRange     '0.0.5-alpha.10',
258 silly addNameRange     '0.0.5-alpha.11',
258 silly addNameRange     '0.0.5-alpha.12',
258 silly addNameRange     '0.0.5-alpha.13',
258 silly addNameRange     '0.0.5',
258 silly addNameRange     '0.0.6-alpha.1',
258 silly addNameRange     '0.0.6-alpha.2',
258 silly addNameRange     '0.0.6-alpha.3',
258 silly addNameRange     '0.0.6-alpha.4',
258 silly addNameRange     '0.0.6',
258 silly addNameRange     '0.0.7-alpha.1',
258 silly addNameRange     '0.0.7-alpha.2',
258 silly addNameRange     '0.0.7-alpha.3',
258 silly addNameRange     '0.0.7-alpha.4',
258 silly addNameRange     '0.0.7-alpha.5',
258 silly addNameRange     '0.0.7-alpha.6',
258 silly addNameRange     '0.0.7-alpha.7',
258 silly addNameRange     '0.0.7-alpha.8',
258 silly addNameRange     '0.0.7-alpha.9',
258 silly addNameRange     '0.0.7-alpha.10',
258 silly addNameRange     '0.0.7-alpha.11',
258 silly addNameRange     '0.0.7-alpha.13',
258 silly addNameRange     '0.0.7-alpha.14',
258 silly addNameRange     '0.0.7-alpha.15',
258 silly addNameRange     '0.0.7-alpha.16',
258 silly addNameRange     '0.0.7-alpha.17',
258 silly addNameRange     '0.0.7-alpha.18',
258 silly addNameRange     '0.0.7-alpha.19',
258 silly addNameRange     '0.0.7-alpha.20',
258 silly addNameRange     '0.0.7-alpha.21',
258 silly addNameRange     '0.0.7-alpha.22',
258 silly addNameRange     '0.0.7-alpha.23',
258 silly addNameRange     '0.0.7-alpha.24',
258 silly addNameRange     '0.0.7-alpha.25',
258 silly addNameRange     '0.0.7',
258 silly addNameRange     '0.0.8-alpha.1',
258 silly addNameRange     '0.0.8-alpha.2',
258 silly addNameRange     '0.0.8-alpha.3',
258 silly addNameRange     '0.0.8-alpha.4',
258 silly addNameRange     '0.0.8-alpha.5',
258 silly addNameRange     '0.0.8-alpha.6',
258 silly addNameRange     '0.0.8',
258 silly addNameRange     '0.0.9-alpha.1',
258 silly addNameRange     '0.0.9-alpha.2',
258 silly addNameRange     '0.0.9-alpha.3',
258 silly addNameRange     '0.0.9',
258 silly addNameRange     '0.0.10',
258 silly addNameRange     '0.0.11',
258 silly addNameRange     '0.1.0-alpha.1',
258 silly addNameRange     '0.1.0-alpha.2',
258 silly addNameRange     '0.1.0-alpha.3',
258 silly addNameRange     '0.1.0-alpha.4',
258 silly addNameRange     '0.1.0-alpha.5',
258 silly addNameRange     '0.1.0-alpha.6',
258 silly addNameRange     '0.1.0-alpha.7',
258 silly addNameRange     '0.1.0-alpha.8',
258 silly addNameRange     '0.1.0-alpha.9',
258 silly addNameRange     '0.1.0-alpha.10',
258 silly addNameRange     '0.1.0-alpha.11',
258 silly addNameRange     '0.1.0-alpha.12',
258 silly addNameRange     '0.1.0-alpha.13',
258 silly addNameRange     '0.1.0-alpha.14',
258 silly addNameRange     '0.1.0-alpha.15',
258 silly addNameRange     '0.1.0-alpha.16',
258 silly addNameRange     '0.1.0-alpha.17',
258 silly addNameRange     '0.1.0-alpha.18',
258 silly addNameRange     '0.1.0-alpha.19',
258 silly addNameRange     '0.1.0-alpha.20',
258 silly addNameRange     '0.1.0-alpha.21',
258 silly addNameRange     '0.1.0-alpha.22',
258 silly addNameRange     '0.1.0-alpha.23',
258 silly addNameRange     '0.1.0-alpha.24',
258 silly addNameRange     '0.1.0-alpha.25',
258 silly addNameRange     '0.1.0-alpha.26',
258 silly addNameRange     '0.1.0-alpha.27',
258 silly addNameRange     '0.1.0-alpha.28',
258 silly addNameRange     '0.1.0-alpha.29',
258 silly addNameRange     '0.1.0-alpha.30',
258 silly addNameRange     '0.1.0-alpha.31',
258 silly addNameRange     '0.1.0-alpha.32',
258 silly addNameRange     '0.1.0-alpha.33',
258 silly addNameRange     '0.1.0-alpha.34',
258 silly addNameRange     '0.1.0-alpha.35',
258 silly addNameRange     '0.1.0-alpha.36',
258 silly addNameRange     '0.1.0-alpha.37',
258 silly addNameRange     '0.1.0-alpha.38',
258 silly addNameRange     '0.1.0-alpha.39',
258 silly addNameRange     '0.1.0-alpha.40',
258 silly addNameRange     '0.1.0-alpha.41',
258 silly addNameRange     '0.1.0-alpha.42',
258 silly addNameRange     '0.1.0-alpha.43',
258 silly addNameRange     '0.1.0-alpha.44',
258 silly addNameRange     '0.1.0-alpha.45',
258 silly addNameRange     '0.1.0-alpha.46',
258 silly addNameRange     '0.1.0-alpha.47',
258 silly addNameRange     '0.1.0-alpha.48',
258 silly addNameRange     '0.1.0-alpha.49',
258 silly addNameRange     '0.1.0-alpha.50',
258 silly addNameRange     '0.1.0',
258 silly addNameRange     '0.1.1',
258 silly addNameRange     '0.1.2',
258 silly addNameRange     '0.2.0-alpha.1',
258 silly addNameRange     '0.2.0-alpha.4',
258 silly addNameRange     '0.2.0-alpha.5',
258 silly addNameRange     '0.2.0-alpha.6',
258 silly addNameRange     '0.1.3',
258 silly addNameRange     '0.1.4',
258 silly addNameRange     '0.2.0-alpha.7',
258 silly addNameRange     '0.1.5',
258 silly addNameRange     '0.1.6',
258 silly addNameRange     '0.2.0-alpha.9',
258 silly addNameRange     '0.1.7',
258 silly addNameRange     '0.2.0-alpha.10',
258 silly addNameRange     '0.2.0-alpha.11',
258 silly addNameRange     '0.2.0-alpha.12',
258 silly addNameRange     '0.1.8',
258 silly addNameRange     '0.1.9',
258 silly addNameRange     '0.2.0-alpha.13',
258 silly addNameRange     '0.1.10',
258 silly addNameRange     '0.1.11',
258 silly addNameRange     '0.2.0-alpha.15',
258 silly addNameRange     '0.1.12',
258 silly addNameRange     '0.2.0-alpha.16',
258 silly addNameRange     '0.2.0-alpha.17',
258 silly addNameRange     '0.2.0-alpha.18',
258 silly addNameRange     '0.2.0-alpha.19',
258 silly addNameRange     '0.2.0-alpha.20',
258 silly addNameRange     '0.2.0-alpha.21',
258 silly addNameRange     '0.1.13',
258 silly addNameRange     '0.2.0-alpha.22',
258 silly addNameRange     '0.1.14',
258 silly addNameRange     '0.2.0-alpha.23',
258 silly addNameRange     '0.2.0-alpha.24',
258 silly addNameRange     '0.2.0-alpha.25',
258 silly addNameRange     '0.2.0-alpha.26',
258 silly addNameRange     '0.2.0-alpha.27',
258 silly addNameRange     '0.1.15',
258 silly addNameRange     '0.1.16',
258 silly addNameRange     '0.2.0-alpha.28',
258 silly addNameRange     '0.2.0-alpha.29',
258 silly addNameRange     '0.2.0-alpha.30',
258 silly addNameRange     '0.2.0-alpha.31',
258 silly addNameRange     '0.1.17',
258 silly addNameRange     '0.1.18',
258 silly addNameRange     '0.2.0-alpha.32',
258 silly addNameRange     '0.2.0-alpha.34',
258 silly addNameRange     '0.2.0-alpha.35',
258 silly addNameRange     '0.1.19',
258 silly addNameRange     '0.2.0-alpha.36',
258 silly addNameRange     '0.2.0-alpha.37',
258 silly addNameRange     '0.2.0-alpha.38',
258 silly addNameRange     '0.2.0-alpha.40',
258 silly addNameRange     '0.2.0-alpha.41',
258 silly addNameRange     '0.1.20',
258 silly addNameRange     '0.2.0-alpha.42',
258 silly addNameRange     '0.2.0-alpha.43',
258 silly addNameRange     '0.2.0-alpha.44',
258 silly addNameRange     '0.2.0-alpha.45',
258 silly addNameRange     '0.2.0-alpha.46',
258 silly addNameRange     '0.1.21' ] ]
259 verbose addNamed typeorm@0.1.21
260 silly addNamed semver.valid 0.1.21
261 silly addNamed semver.validRange 0.1.21
262 silly cache afterAdd jquery@3.3.1
263 verbose afterAdd C:\Users\Jakub\AppData\Roaming\npm-cache\jquery\3.3.1\package\package.json not in flight; writing
264 silly cache afterAdd cordova-plugin-device@1.1.7
265 verbose afterAdd C:\Users\Jakub\AppData\Roaming\npm-cache\cordova-plugin-device\1.1.7\package\package.json not in flight; writing
266 silly cache afterAdd cordova-plugin-console@1.1.0
267 verbose afterAdd C:\Users\Jakub\AppData\Roaming\npm-cache\cordova-plugin-console\1.1.0\package\package.json not in flight; writing
268 silly cache afterAdd cordova-plugin-splashscreen@3.2.2
269 verbose afterAdd C:\Users\Jakub\AppData\Roaming\npm-cache\cordova-plugin-splashscreen\3.2.2\package\package.json not in flight; writing
270 silly addNameRange number 2 { name: 'webpack', range: '>=4.5.0 <5.0.0', hasData: true }
271 silly addNameRange versions [ 'webpack',
271 silly addNameRange   [ '0.1.0',
271 silly addNameRange     '0.1.1',
271 silly addNameRange     '0.1.2',
271 silly addNameRange     '0.1.3',
271 silly addNameRange     '0.1.4',
271 silly addNameRange     '0.1.5',
271 silly addNameRange     '0.1.6',
271 silly addNameRange     '0.2.0',
271 silly addNameRange     '0.2.1',
271 silly addNameRange     '0.2.2',
271 silly addNameRange     '0.2.3',
271 silly addNameRange     '0.2.4',
271 silly addNameRange     '0.2.6',
271 silly addNameRange     '0.2.7',
271 silly addNameRange     '0.2.8',
271 silly addNameRange     '0.3.0',
271 silly addNameRange     '0.3.1',
271 silly addNameRange     '0.3.2',
271 silly addNameRange     '0.3.3',
271 silly addNameRange     '0.3.4',
271 silly addNameRange     '0.3.6',
271 silly addNameRange     '0.3.7',
271 silly addNameRange     '0.3.8',
271 silly addNameRange     '0.3.9',
271 silly addNameRange     '0.3.10',
271 silly addNameRange     '0.3.11',
271 silly addNameRange     '0.3.12',
271 silly addNameRange     '0.3.13',
271 silly addNameRange     '0.3.14',
271 silly addNameRange     '0.3.15',
271 silly addNameRange     '0.3.16',
271 silly addNameRange     '0.3.17',
271 silly addNameRange     '0.3.18',
271 silly addNameRange     '0.3.19',
271 silly addNameRange     '0.3.20',
271 silly addNameRange     '0.4.0',
271 silly addNameRange     '0.4.1',
271 silly addNameRange     '0.4.2',
271 silly addNameRange     '0.4.3',
271 silly addNameRange     '0.4.4',
271 silly addNameRange     '0.4.5',
271 silly addNameRange     '0.4.6',
271 silly addNameRange     '0.4.7',
271 silly addNameRange     '0.4.8',
271 silly addNameRange     '0.4.9',
271 silly addNameRange     '0.4.10',
271 silly addNameRange     '0.4.11',
271 silly addNameRange     '0.4.12',
271 silly addNameRange     '0.4.13',
271 silly addNameRange     '0.4.14',
271 silly addNameRange     '0.4.15',
271 silly addNameRange     '0.4.16',
271 silly addNameRange     '0.4.17',
271 silly addNameRange     '0.4.18',
271 silly addNameRange     '0.4.19',
271 silly addNameRange     '0.4.20',
271 silly addNameRange     '0.4.21',
271 silly addNameRange     '0.4.23',
271 silly addNameRange     '0.4.24',
271 silly addNameRange     '0.4.25',
271 silly addNameRange     '0.5.0',
271 silly addNameRange     '0.5.1',
271 silly addNameRange     '0.5.2',
271 silly addNameRange     '0.5.3',
271 silly addNameRange     '0.5.4',
271 silly addNameRange     '0.5.5',
271 silly addNameRange     '0.5.6',
271 silly addNameRange     '0.5.7',
271 silly addNameRange     '0.5.8',
271 silly addNameRange     '0.5.10',
271 silly addNameRange     '0.6.0',
271 silly addNameRange     '0.6.1',
271 silly addNameRange     '0.6.2',
271 silly addNameRange     '0.7.0-beta',
271 silly addNameRange     '0.7.0-beta2',
271 silly addNameRange     '0.7.0-beta3',
271 silly addNameRange     '0.7.0-beta4',
271 silly addNameRange     '0.7.0-beta5',
271 silly addNameRange     '0.7.0-beta6',
271 silly addNameRange     '0.7.0-beta7',
271 silly addNameRange     '0.7.0-beta8',
271 silly addNameRange     '0.7.0',
271 silly addNameRange     '0.7.1',
271 silly addNameRange     '0.7.2',
271 silly addNameRange     '0.7.3',
271 silly addNameRange     '0.7.4',
271 silly addNameRange     '0.7.5',
271 silly addNameRange     '0.7.6',
271 silly addNameRange     '0.7.7',
271 silly addNameRange     '0.7.8',
271 silly addNameRange     '0.7.9',
271 silly addNameRange     '0.7.11',
271 silly addNameRange     '0.7.12',
271 silly addNameRange     '0.7.13',
271 silly addNameRange     '0.7.14',
271 silly addNameRange     '0.7.15',
271 silly addNameRange     '0.7.16',
271 silly addNameRange     '0.7.17',
271 silly addNameRange     '0.8.0-beta1',
271 silly addNameRange     '0.8.0-beta2',
271 silly addNameRange     '0.8.0-beta3',
271 silly addNameRange     '0.8.0-beta4',
271 silly addNameRange     '0.8.0',
271 silly addNameRange     '0.8.2',
271 silly addNameRange     '0.8.3',
271 silly addNameRange     '0.9.0-beta1',
271 silly addNameRange     '0.9.0-beta2',
271 silly addNameRange     '0.9.0-beta4',
271 silly addNameRange     '0.9.0-beta5',
271 silly addNameRange     '0.9.0-beta6',
271 silly addNameRange     '0.9.0-beta7',
271 silly addNameRange     '0.9.0-beta8',
271 silly addNameRange     '0.9.0-beta9',
271 silly addNameRange     '0.9.0-beta10',
271 silly addNameRange     '0.9.0-beta11',
271 silly addNameRange     '0.9.0-beta12',
271 silly addNameRange     '0.9.0-beta13',
271 silly addNameRange     '0.9.0-beta14',
271 silly addNameRange     '0.9.0-beta15',
271 silly addNameRange     '0.9.0-beta16',
271 silly addNameRange     '0.9.0-beta17',
271 silly addNameRange     '0.9.0-beta18',
271 silly addNameRange     '0.9.0-beta19',
271 silly addNameRange     '0.9.0-beta20',
271 silly addNameRange     '0.9.0-beta21',
271 silly addNameRange     '0.9.0-beta22',
271 silly addNameRange     '0.9.0-beta23',
271 silly addNameRange     '0.9.0-beta24',
271 silly addNameRange     '0.9.0-beta25',
271 silly addNameRange     '0.9.0-beta26',
271 silly addNameRange     '0.9.0-beta27',
271 silly addNameRange     '0.9.0-beta28',
271 silly addNameRange     '0.9.0-beta29',
271 silly addNameRange     '0.9.0-beta30',
271 silly addNameRange     '0.9.0-beta31',
271 silly addNameRange     '0.9.0-beta32',
271 silly addNameRange     '0.9.0-beta33',
271 silly addNameRange     '0.9.0-beta34',
271 silly addNameRange     '0.9.0-beta35',
271 silly addNameRange     '0.9.0-beta36',
271 silly addNameRange     '0.9.0-beta37',
271 silly addNameRange     '0.9.0-beta38',
271 silly addNameRange     '0.9.0',
271 silly addNameRange     '0.9.1',
271 silly addNameRange     '0.9.2',
271 silly addNameRange     '0.9.3',
271 silly addNameRange     '0.10.0-beta2',
271 silly addNameRange     '0.10.0-beta3',
271 silly addNameRange     '0.10.0-beta5',
271 silly addNameRange     '0.10.0-beta6',
271 silly addNameRange     '0.10.0-beta7',
271 silly addNameRange     '0.10.0-beta8',
271 silly addNameRange     '0.10.0-beta9',
271 silly addNameRange     '0.10.0-beta10',
271 silly addNameRange     '0.10.0-beta11',
271 silly addNameRange     '0.10.0-beta12',
271 silly addNameRange     '0.10.0-beta13',
271 silly addNameRange     '0.10.0-beta14',
271 silly addNameRange     '0.10.0-beta15',
271 silly addNameRange     '0.10.0-beta16',
271 silly addNameRange     '0.10.0-beta17',
271 silly addNameRange     '0.10.0-beta18',
271 silly addNameRange     '0.10.0-beta19',
271 silly addNameRange     '0.10.0-beta20',
271 silly addNameRange     '0.10.0-beta21',
271 silly addNameRange     '0.10.0-beta22',
271 silly addNameRange     '0.10.0-beta23',
271 silly addNameRange     '0.10.0-beta24',
271 silly addNameRange     '0.10.0-beta25',
271 silly addNameRange     '0.10.0',
271 silly addNameRange     '0.11.0-beta1',
271 silly addNameRange     '0.11.0-beta2',
271 silly addNameRange     '0.11.0-beta3',
271 silly addNameRange     '0.11.0-beta4',
271 silly addNameRange     '0.11.0-beta5',
271 silly addNameRange     '0.11.0-beta6',
271 silly addNameRange     '0.11.0-beta7',
271 silly addNameRange     '0.11.0-beta8',
271 silly addNameRange     '0.11.0-beta9',
271 silly addNameRange     '0.11.0-beta10',
271 silly addNameRange     '0.11.0-beta11',
271 silly addNameRange     '0.11.0-beta12',
271 silly addNameRange     '0.11.0-beta13',
271 silly addNameRange     '0.11.0-beta14',
271 silly addNameRange     '0.11.0-beta15',
271 silly addNameRange     '0.11.0-beta16',
271 silly addNameRange     '0.11.0-beta17',
271 silly addNameRange     '0.11.0-beta18',
271 silly addNameRange     '0.11.0-beta19',
271 silly addNameRange     '0.11.0-beta20',
271 silly addNameRange     '0.11.0-beta21',
271 silly addNameRange     '0.11.0-beta22',
271 silly addNameRange     '0.11.0-beta23',
271 silly addNameRange     '0.11.0-beta24',
271 silly addNameRange     '0.11.0-beta25',
271 silly addNameRange     '0.11.0-beta26',
271 silly addNameRange     '0.11.0-beta27',
271 silly addNameRange     '0.11.0-beta28',
271 silly addNameRange     '0.11.0-beta29',
271 silly addNameRange     '0.11.0',
271 silly addNameRange     '0.11.1',
271 silly addNameRange     '0.11.2',
271 silly addNameRange     '0.11.3',
271 silly addNameRange     '0.11.4',
271 silly addNameRange     '0.11.5',
271 silly addNameRange     '0.11.6',
271 silly addNameRange     '0.11.7',
271 silly addNameRange     '0.11.8',
271 silly addNameRange     '0.11.9',
271 silly addNameRange     '0.11.10',
271 silly addNameRange     '0.11.11',
271 silly addNameRange     '0.11.12',
271 silly addNameRange     '0.11.13',
271 silly addNameRange     '0.11.14',
271 silly addNameRange     '0.11.15',
271 silly addNameRange     '1.0.0-beta1',
271 silly addNameRange     '1.0.0-beta2',
271 silly addNameRange     '1.0.0-beta3',
271 silly addNameRange     '1.0.0-beta4',
271 silly addNameRange     '0.11.16',
271 silly addNameRange     '0.11.17',
271 silly addNameRange     '0.11.18',
271 silly addNameRange     '1.0.0-beta5',
271 silly addNameRange     '1.0.0-beta6',
271 silly addNameRange     '1.0.0-beta7',
271 silly addNameRange     '1.0.0-beta8',
271 silly addNameRange     '1.0.0-beta9',
271 silly addNameRange     '1.0.0-rc1',
271 silly addNameRange     '1.0.0-rc2',
271 silly addNameRange     '1.0.0-rc3',
271 silly addNameRange     '1.0.0-rc4',
271 silly addNameRange     '1.0.0-rc5',
271 silly addNameRange     '1.0.0-rc7',
271 silly addNameRange     '1.0.0-rc8',
271 silly addNameRange     '1.0.0-rc9',
271 silly addNameRange     '1.0.0-rc11',
271 silly addNameRange     '1.0.0-rc12',
271 silly addNameRange     '1.0.0',
271 silly addNameRange     '1.0.1',
271 silly addNameRange     '1.0.3',
271 silly addNameRange     '1.0.4',
271 silly addNameRange     '1.0.5',
271 silly addNameRange     '1.1.0-beta1',
271 silly addNameRange     '1.1.0-beta2',
271 silly addNameRange     '1.1.0-beta3',
271 silly addNameRange     '1.1.0-beta4',
271 silly addNameRange     '1.1.0-beta5',
271 silly addNameRange     '1.1.0-beta6',
271 silly addNameRange     '1.1.0-beta7',
271 silly addNameRange     '1.1.0-beta8',
271 silly addNameRange     '1.1.0-beta9',
271 silly addNameRange     '1.1.0-beta10',
271 silly addNameRange     '1.1.0-beta12',
271 silly addNameRange     '1.1.0',
271 silly addNameRange     '1.1.1',
271 silly addNameRange     '1.1.2',
271 silly addNameRange     '1.1.3',
271 silly addNameRange     '1.1.4',
271 silly addNameRange     '1.1.5',
271 silly addNameRange     '1.1.6',
271 silly addNameRange     '1.1.7',
271 silly addNameRange     '1.1.8',
271 silly addNameRange     '1.1.9',
271 silly addNameRange     '1.1.10',
271 silly addNameRange     '1.1.11',
271 silly addNameRange     '1.2.0-beta1',
271 silly addNameRange     '1.2.0-beta2',
271 silly addNameRange     '1.2.0-beta4',
271 silly addNameRange     '1.2.0-beta5',
271 silly addNameRange     '1.2.0-beta6',
271 silly addNameRange     '1.3.0-beta1',
271 silly addNameRange     '1.3.0-beta2',
271 silly addNameRange     '1.3.0-beta3',
271 silly addNameRange     '1.3.0-beta4',
271 silly addNameRange     '1.3.0-beta5',
271 silly addNameRange     '1.3.0-beta6',
271 silly addNameRange     '1.3.0-beta7',
271 silly addNameRange     '1.3.0-beta8',
271 silly addNameRange     '1.3.0-beta9',
271 silly addNameRange     '1.3.1-beta1',
271 silly addNameRange     '1.3.1-beta2',
271 silly addNameRange     '1.3.1-beta3',
271 silly addNameRange     '1.3.1-beta4',
271 silly addNameRange     '1.3.1-beta5',
271 silly addNameRange     '1.3.1-beta6',
271 silly addNameRange     '1.3.1-beta7',
271 silly addNameRange     '1.3.1-beta8',
271 silly addNameRange     '1.3.1-beta9',
271 silly addNameRange     '1.3.2-beta1',
271 silly addNameRange     '1.3.2-beta2',
271 silly addNameRange     '1.3.2-beta3',
271 silly addNameRange     '1.3.2-beta4',
271 silly addNameRange     '1.3.2-beta5',
271 silly addNameRange     '1.3.2-beta6',
271 silly addNameRange     '1.3.2-beta7',
271 silly addNameRange     '1.3.2-beta8',
271 silly addNameRange     '1.3.2-beta9',
271 silly addNameRange     '1.3.3-beta1',
271 silly addNameRange     '1.3.3-beta2',
271 silly addNameRange     '1.3.4',
271 silly addNameRange     '1.3.5',
271 silly addNameRange     '1.3.6',
271 silly addNameRange     '1.3.7',
271 silly addNameRange     '1.4.0-beta1',
271 silly addNameRange     '1.4.0-beta2',
271 silly addNameRange     '1.4.0-beta3',
271 silly addNameRange     '1.4.0-beta4',
271 silly addNameRange     '1.4.0-beta5',
271 silly addNameRange     '1.4.0-beta6',
271 silly addNameRange     '1.4.0-beta7',
271 silly addNameRange     '1.4.0-beta8',
271 silly addNameRange     '1.4.0-beta9',
271 silly addNameRange     '1.4.0-beta10',
271 silly addNameRange     '1.4.1-beta1',
271 silly addNameRange     '1.4.2',
271 silly addNameRange     '1.4.3',
271 silly addNameRange     '1.4.4',
271 silly addNameRange     '1.4.5',
271 silly addNameRange     '1.4.6',
271 silly addNameRange     '1.4.7',
271 silly addNameRange     '1.4.8',
271 silly addNameRange     '1.4.9',
271 silly addNameRange     '1.4.10',
271 silly addNameRange     '1.4.11',
271 silly addNameRange     '1.4.12',
271 silly addNameRange     '1.4.13',
271 silly addNameRange     '1.4.14',
271 silly addNameRange     '1.4.15',
271 silly addNameRange     '1.5.0',
271 silly addNameRange     '1.5.1',
271 silly addNameRange     '1.5.2',
271 silly addNameRange     '1.5.3',
271 silly addNameRange     '1.6.0',
271 silly addNameRange     '1.7.0',
271 silly addNameRange     '1.7.1',
271 silly addNameRange     '1.7.2',
271 silly addNameRange     '1.7.3',
271 silly addNameRange     '1.8.0',
271 silly addNameRange     '1.8.1',
271 silly addNameRange     '1.8.2',
271 silly addNameRange     '1.8.3',
271 silly addNameRange     '1.8.4',
271 silly addNameRange     '1.8.5',
271 silly addNameRange     '1.8.6',
271 silly addNameRange     '1.8.7',
271 silly addNameRange     '1.8.8',
271 silly addNameRange     '1.8.9',
271 silly addNameRange     '1.8.10',
271 silly addNameRange     '1.8.11',
271 silly addNameRange     '1.9.0',
271 silly addNameRange     '1.9.1',
271 silly addNameRange     '1.9.2',
271 silly addNameRange     '1.9.3',
271 silly addNameRange     '1.9.4',
271 silly addNameRange     '1.9.5',
271 silly addNameRange     '1.9.6',
271 silly addNameRange     '1.9.7',
271 silly addNameRange     '1.9.8',
271 silly addNameRange     '1.9.9',
271 silly addNameRange     '1.9.10',
271 silly addNameRange     '1.9.11',
271 silly addNameRange     '1.9.12',
271 silly addNameRange     '1.9.13',
271 silly addNameRange     '1.10.0',
271 silly addNameRange     '1.10.1',
271 silly addNameRange     '1.10.2',
271 silly addNameRange     '1.10.3',
271 silly addNameRange     '1.10.4',
271 silly addNameRange     '1.10.5',
271 silly addNameRange     '1.11.0',
271 silly addNameRange     '1.12.0',
271 silly addNameRange     '1.12.1',
271 silly addNameRange     '1.12.2',
271 silly addNameRange     '2.0.0-beta',
271 silly addNameRange     '1.12.3',
271 silly addNameRange     '1.12.4',
271 silly addNameRange     '1.12.5',
271 silly addNameRange     '1.12.6',
271 silly addNameRange     '1.12.7',
271 silly addNameRange     '1.12.8',
271 silly addNameRange     '1.12.9',
271 silly addNameRange     '2.0.1-beta',
271 silly addNameRange     '2.0.2-beta',
271 silly addNameRange     '1.12.10',
271 silly addNameRange     '1.12.11',
271 silly addNameRange     '2.0.4-beta',
271 silly addNameRange     '1.12.12',
271 silly addNameRange     '2.0.5-beta',
271 silly addNameRange     '2.0.6-beta',
271 silly addNameRange     '2.0.7-beta',
271 silly addNameRange     '1.12.13',
271 silly addNameRange     '2.1.0-beta.0',
271 silly addNameRange     '2.1.0-beta.1',
271 silly addNameRange     '2.1.0-beta.2',
271 silly addNameRange     '1.12.14',
271 silly addNameRange     '2.1.0-beta.3',
271 silly addNameRange     '2.1.0-beta.4',
271 silly addNameRange     '2.1.0-beta.5',
271 silly addNameRange     '1.12.15',
271 silly addNameRange     '1.13.0',
271 silly addNameRange     '2.1.0-beta.6',
271 silly addNameRange     '2.1.0-beta.7',
271 silly addNameRange     '1.13.1',
271 silly addNameRange     '2.1.0-beta.8',
271 silly addNameRange     '2.1.0-beta.9',
271 silly addNameRange     '2.1.0-beta.10',
271 silly addNameRange     '2.1.0-beta.11',
271 silly addNameRange     '2.1.0-beta.12',
271 silly addNameRange     '2.1.0-beta.13',
271 silly addNameRange     '2.1.0-beta.14',
271 silly addNameRange     '2.1.0-beta.15',
271 silly addNameRange     '2.1.0-beta.16',
271 silly addNameRange     '2.1.0-beta.17',
271 silly addNameRange     '2.1.0-beta.18',
271 silly addNameRange     '2.1.0-beta.19',
271 silly addNameRange     '2.1.0-beta.20',
271 silly addNameRange     '2.1.0-beta.21',
271 silly addNameRange     '1.13.2',
271 silly addNameRange     '2.1.0-beta.22',
271 silly addNameRange     '2.1.0-beta.23',
271 silly addNameRange     '2.1.0-beta.24',
271 silly addNameRange     '2.1.0-beta.25',
271 silly addNameRange     '1.13.3',
271 silly addNameRange     '2.1.0-beta.26',
271 silly addNameRange     '2.1.0-beta.27',
271 silly addNameRange     '1.14.0',
271 silly addNameRange     '2.1.0-beta.28',
271 silly addNameRange     '2.2.0-rc.0',
271 silly addNameRange     '2.2.0-rc.1',
271 silly addNameRange     '2.2.0-rc.2',
271 silly addNameRange     '2.2.0-rc.3',
271 silly addNameRange     '2.2.0-rc.4',
271 silly addNameRange     '2.2.0-rc.5',
271 silly addNameRange     '2.2.0-rc.6',
271 silly addNameRange     '2.2.0-rc.7',
271 silly addNameRange     '2.2.0-rc.8',
271 silly addNameRange     '2.2.0',
271 silly addNameRange     '2.2.1',
271 silly addNameRange     '2.3.0',
271 silly addNameRange     '2.3.1',
271 silly addNameRange     '2.3.2',
271 silly addNameRange     '2.3.3',
271 silly addNameRange     '1.15.0',
271 silly addNameRange     '2.4.0',
271 silly addNameRange     '2.4.1',
271 silly addNameRange     '2.5.0',
271 silly addNameRange     '2.5.1',
271 silly addNameRange     '2.6.0',
271 silly addNameRange     '2.6.1',
271 silly addNameRange     '3.0.0-rc.0',
271 silly addNameRange     '3.0.0-rc.1',
271 silly addNameRange     '3.0.0-rc.2',
271 silly addNameRange     '3.0.0',
271 silly addNameRange     '3.1.0',
271 silly addNameRange     '3.2.0',
271 silly addNameRange     '2.7.0',
271 silly addNameRange     '3.3.0',
271 silly addNameRange     '3.4.0',
271 silly addNameRange     '3.4.1',
271 silly addNameRange     '3.5.0',
271 silly addNameRange     '3.5.1',
271 silly addNameRange     '3.5.2',
271 silly addNameRange     '3.5.3',
271 silly addNameRange     '3.5.4',
271 silly addNameRange     '3.5.5',
271 silly addNameRange     '3.5.6',
271 silly addNameRange     '3.6.0',
271 silly addNameRange     '3.7.0',
271 silly addNameRange     '3.7.1',
271 silly addNameRange     '3.8.0',
271 silly addNameRange     '3.8.1',
271 silly addNameRange     '3.9.0',
271 silly addNameRange     '3.9.1',
271 silly addNameRange     '3.10.0',
271 silly addNameRange     '4.0.0-alpha.0',
271 silly addNameRange     '4.0.0-alpha.1',
271 silly addNameRange     '4.0.0-alpha.2',
271 silly addNameRange     '4.0.0-alpha.3',
271 silly addNameRange     '4.0.0-alpha.4',
271 silly addNameRange     '4.0.0-alpha.5',
271 silly addNameRange     '4.0.0-beta.0',
271 silly addNameRange     '4.0.0-beta.1',
271 silly addNameRange     '3.11.0',
271 silly addNameRange     '4.0.0-beta.2',
271 silly addNameRange     '4.0.0-beta.3',
271 silly addNameRange     '4.0.0',
271 silly addNameRange     '4.0.1',
271 silly addNameRange     '4.1.0',
271 silly addNameRange     '4.1.1',
271 silly addNameRange     '4.2.0',
271 silly addNameRange     '4.3.0',
271 silly addNameRange     '4.4.0',
271 silly addNameRange     '4.4.1',
271 silly addNameRange     '4.5.0',
271 silly addNameRange     '4.6.0' ] ]
272 verbose addNamed webpack@4.6.0
273 silly addNamed semver.valid 4.6.0
274 silly addNamed semver.validRange 4.6.0
275 silly cache afterAdd webpack-cli@2.0.14
276 verbose afterAdd C:\Users\Jakub\AppData\Roaming\npm-cache\webpack-cli\2.0.14\package\package.json not in flight; writing
277 silly cache afterAdd typeorm@0.1.21
278 verbose afterAdd C:\Users\Jakub\AppData\Roaming\npm-cache\typeorm\0.1.21\package\package.json not in flight; writing
279 verbose afterAdd C:\Users\Jakub\AppData\Roaming\npm-cache\jquery\3.3.1\package\package.json written
280 verbose afterAdd C:\Users\Jakub\AppData\Roaming\npm-cache\cordova-plugin-splashscreen\3.2.2\package\package.json written
281 silly cache afterAdd webpack@4.6.0
282 verbose afterAdd C:\Users\Jakub\AppData\Roaming\npm-cache\webpack\4.6.0\package\package.json not in flight; writing
283 verbose afterAdd C:\Users\Jakub\AppData\Roaming\npm-cache\cordova-plugin-device\1.1.7\package\package.json written
284 verbose afterAdd C:\Users\Jakub\AppData\Roaming\npm-cache\cordova-plugin-console\1.1.0\package\package.json written
285 verbose afterAdd C:\Users\Jakub\AppData\Roaming\npm-cache\webpack-cli\2.0.14\package\package.json written
286 verbose afterAdd C:\Users\Jakub\AppData\Roaming\npm-cache\typeorm\0.1.21\package\package.json written
287 verbose afterAdd C:\Users\Jakub\AppData\Roaming\npm-cache\webpack\4.6.0\package\package.json written
288 http 304 https://registry.npmjs.org/@types%2fjquery
289 silly get cb [ 304,
289 silly get   { date: 'Tue, 17 Apr 2018 19:15:10 GMT',
289 silly get     via: '1.1 varnish',
289 silly get     'cache-control': 'max-age=0',
289 silly get     etag: 'W/"5acf916e-1df9f"',
289 silly get     age: '0',
289 silly get     connection: 'keep-alive',
289 silly get     'x-served-by': 'cache-hhn1529-HHN',
289 silly get     'x-cache': 'MISS',
289 silly get     'x-cache-hits': '0',
289 silly get     'x-timer': 'S1523992510.408243,VS0,VE742',
289 silly get     vary: 'Accept, Accept-Encoding' } ]
290 verbose etag https://registry.npmjs.org/@types%2fjquery from cache
291 verbose get saving @types/jquery to C:\Users\Jakub\AppData\Roaming\npm-cache\registry.npmjs.org\_40types_252fjquery\.cache.json
292 silly addNameRange number 2 { name: '@types/jquery', range: '>=3.3.1 <4.0.0', hasData: true }
293 silly addNameRange versions [ '@types/jquery',
293 silly addNameRange   [ '1.10.8-alpha',
293 silly addNameRange     '1.10.14-alpha',
293 silly addNameRange     '1.10.15-alpha',
293 silly addNameRange     '1.10.20-alpha',
293 silly addNameRange     '1.10.21-alpha',
293 silly addNameRange     '1.10.22-alpha',
293 silly addNameRange     '1.10.23-alpha',
293 silly addNameRange     '1.10.24-alpha',
293 silly addNameRange     '1.10.25-alpha',
293 silly addNameRange     '1.10.26-alpha',
293 silly addNameRange     '1.10.27',
293 silly addNameRange     '1.10.28',
293 silly addNameRange     '1.10.29',
293 silly addNameRange     '1.10.30',
293 silly addNameRange     '1.10.31',
293 silly addNameRange     '2.0.32',
293 silly addNameRange     '2.0.33',
293 silly addNameRange     '2.0.34',
293 silly addNameRange     '2.0.35',
293 silly addNameRange     '2.0.36',
293 silly addNameRange     '2.0.37',
293 silly addNameRange     '2.0.38',
293 silly addNameRange     '2.0.39',
293 silly addNameRange     '2.0.40',
293 silly addNameRange     '2.0.41',
293 silly addNameRange     '2.0.42',
293 silly addNameRange     '2.0.43',
293 silly addNameRange     '2.0.44',
293 silly addNameRange     '2.0.45',
293 silly addNameRange     '2.0.46',
293 silly addNameRange     '1.10.32',
293 silly addNameRange     '3.2.0',
293 silly addNameRange     '2.0.47',
293 silly addNameRange     '3.2.1',
293 silly addNameRange     '3.2.2',
293 silly addNameRange     '3.2.3',
293 silly addNameRange     '3.2.4',
293 silly addNameRange     '3.2.5',
293 silly addNameRange     '2.0.48',
293 silly addNameRange     '1.10.33',
293 silly addNameRange     '3.2.6',
293 silly addNameRange     '3.2.7',
293 silly addNameRange     '3.2.8',
293 silly addNameRange     '3.2.9',
293 silly addNameRange     '3.2.10',
293 silly addNameRange     '3.2.11',
293 silly addNameRange     '3.2.12',
293 silly addNameRange     '3.2.13',
293 silly addNameRange     '3.2.14',
293 silly addNameRange     '3.2.15',
293 silly addNameRange     '3.2.16',
293 silly addNameRange     '3.2.17',
293 silly addNameRange     '3.2.18',
293 silly addNameRange     '3.3.0',
293 silly addNameRange     '2.0.49',
293 silly addNameRange     '1.10.34',
293 silly addNameRange     '3.3.1' ] ]
294 verbose addNamed @types/jquery@3.3.1
295 silly addNamed semver.valid 3.3.1
296 silly addNamed semver.validRange 3.3.1
297 silly cache afterAdd @types/jquery@3.3.1
298 verbose afterAdd C:\Users\Jakub\AppData\Roaming\npm-cache\@types\jquery\3.3.1\package\package.json not in flight; writing
299 verbose afterAdd C:\Users\Jakub\AppData\Roaming\npm-cache\@types\jquery\3.3.1\package\package.json written
300 verbose stack Error: No compatible version found: cordova-browser@'>=5.0.3 <6.0.0'
300 verbose stack Valid install targets:
300 verbose stack ["3.5.0","3.5.1","3.5.2","3.6.0","4.0.0","4.1.0"]
300 verbose stack
300 verbose stack     at installTargetsError (c:\Program Files (x86)\nodejs\node_modules\npm\lib\cache\add-named.js:259:12)
300 verbose stack     at next (c:\Program Files (x86)\nodejs\node_modules\npm\lib\cache\add-named.js:238:17)
300 verbose stack     at setData (c:\Program Files (x86)\nodejs\node_modules\npm\lib\cache\add-named.js:215:5)
300 verbose stack     at RES (c:\Program Files (x86)\nodejs\node_modules\npm\node_modules\inflight\inflight.js:23:14)
300 verbose stack     at f (c:\Program Files (x86)\nodejs\node_modules\npm\node_modules\once\once.js:17:25)
300 verbose stack     at saved (c:\Program Files (x86)\nodejs\node_modules\npm\lib\cache\caching-client.js:173:7)
300 verbose stack     at FSReqWrap.oncomplete (fs.js:95:15)
301 verbose cwd C:\Users\Jakub\Desktop\Projekt_uczelnia
302 error Windows_NT 6.3.9600
303 error argv "c:\\Program Files (x86)\\nodejs\\\\node.exe" "c:\\Program Files (x86)\\nodejs\\node_modules\\npm\\bin\\npm-cli.js" "install"
304 error node v0.12.2
305 error npm  v2.7.4
306 error code ETARGET
307 error notarget No compatible version found: cordova-browser@'>=5.0.3 <6.0.0'
307 error notarget Valid install targets:
307 error notarget ["3.5.0","3.5.1","3.5.2","3.6.0","4.0.0","4.1.0"]
307 error notarget
307 error notarget This is most likely not a problem with npm itself.
307 error notarget In most cases you or one of your dependencies are requesting
307 error notarget a package version that doesn't exist.
307 error notarget
307 error notarget It was specified as a dependency of 'DietManager-app'
308 verbose exit [ 1, true ]
